{"C:\\Users\\Matheus Fabio Antelo\\Desktop\\Projeto TO DO\\config\\database.js": {"path":"C:\\Users\\Matheus Fabio Antelo\\Desktop\\Projeto TO DO\\config\\database.js","statementMap":{"0":{"start":{"line":1,"column":16},"end":{"line":1,"column":44}},"1":{"start":{"line":4,"column":15},"end":{"line":11,"column":6}},"2":{"start":{"line":5,"column":8},"end":{"line":10,"column":9}},"3":{"start":{"line":6,"column":12},"end":{"line":6,"column":70}},"4":{"start":{"line":8,"column":12},"end":{"line":8,"column":62}},"5":{"start":{"line":9,"column":12},"end":{"line":9,"column":29}},"6":{"start":{"line":12,"column":4},"end":{"line":12,"column":14}},"7":{"start":{"line":16,"column":4},"end":{"line":24,"column":8}},"8":{"start":{"line":25,"column":4},"end":{"line":37,"column":8}},"9":{"start":{"line":40,"column":0},"end":{"line":40,"column":34}}},"fnMap":{"0":{"name":"initDatabase","decl":{"start":{"line":3,"column":9},"end":{"line":3,"column":21}},"loc":{"start":{"line":3,"column":24},"end":{"line":13,"column":1}},"line":3},"1":{"name":"(anonymous_1)","decl":{"start":{"line":4,"column":48},"end":{"line":4,"column":49}},"loc":{"start":{"line":4,"column":57},"end":{"line":11,"column":5}},"line":4},"2":{"name":"createTables","decl":{"start":{"line":15,"column":9},"end":{"line":15,"column":21}},"loc":{"start":{"line":15,"column":26},"end":{"line":38,"column":1}},"line":15}},"branchMap":{"0":{"loc":{"start":{"line":5,"column":8},"end":{"line":10,"column":9}},"type":"if","locations":[{"start":{"line":5,"column":8},"end":{"line":10,"column":9}},{"start":{"line":7,"column":15},"end":{"line":10,"column":9}}],"line":5}},"s":{"0":2,"1":0,"2":0,"3":0,"4":0,"5":0,"6":0,"7":0,"8":0,"9":2},"f":{"0":0,"1":0,"2":0},"b":{"0":[0,0]},"_coverageSchema":"1a1c01bbd47fc00a2c39e90264f33305004495a9","hash":"77d31e40060b1b89f24d3cd3ff519fe5cb7f133e"}
,"C:\\Users\\Matheus Fabio Antelo\\Desktop\\Projeto TO DO\\controllers\\authController.js": {"path":"C:\\Users\\Matheus Fabio Antelo\\Desktop\\Projeto TO DO\\controllers\\authController.js","statementMap":{"0":{"start":{"line":1,"column":15},"end":{"line":1,"column":34}},"1":{"start":{"line":2,"column":12},"end":{"line":2,"column":35}},"2":{"start":{"line":3,"column":18},"end":{"line":3,"column":48}},"3":{"start":{"line":4,"column":15},"end":{"line":4,"column":44}},"4":{"start":{"line":6,"column":0},"end":{"line":30,"column":2}},"5":{"start":{"line":7,"column":4},"end":{"line":29,"column":5}},"6":{"start":{"line":8,"column":48},"end":{"line":8,"column":56}},"7":{"start":{"line":9,"column":8},"end":{"line":11,"column":9}},"8":{"start":{"line":10,"column":12},"end":{"line":10,"column":87}},"9":{"start":{"line":12,"column":29},"end":{"line":12,"column":66}},"10":{"start":{"line":13,"column":8},"end":{"line":15,"column":9}},"11":{"start":{"line":14,"column":12},"end":{"line":14,"column":74}},"12":{"start":{"line":16,"column":31},"end":{"line":16,"column":62}},"13":{"start":{"line":19,"column":23},"end":{"line":19,"column":29}},"14":{"start":{"line":20,"column":8},"end":{"line":22,"column":9}},"15":{"start":{"line":21,"column":12},"end":{"line":21,"column":28}},"16":{"start":{"line":24,"column":8},"end":{"line":24,"column":74}},"17":{"start":{"line":25,"column":8},"end":{"line":25,"column":72}},"18":{"start":{"line":27,"column":8},"end":{"line":27,"column":50}},"19":{"start":{"line":28,"column":8},"end":{"line":28,"column":69}},"20":{"start":{"line":32,"column":0},"end":{"line":53,"column":2}},"21":{"start":{"line":33,"column":4},"end":{"line":52,"column":5}},"22":{"start":{"line":34,"column":36},"end":{"line":34,"column":44}},"23":{"start":{"line":35,"column":21},"end":{"line":35,"column":58}},"24":{"start":{"line":36,"column":8},"end":{"line":38,"column":9}},"25":{"start":{"line":37,"column":12},"end":{"line":37,"column":76}},"26":{"start":{"line":39,"column":22},"end":{"line":39,"column":124}},"27":{"start":{"line":40,"column":8},"end":{"line":46,"column":11}},"28":{"start":{"line":47,"column":45},"end":{"line":47,"column":49}},"29":{"start":{"line":48,"column":8},"end":{"line":48,"column":37}},"30":{"start":{"line":50,"column":8},"end":{"line":50,"column":47}},"31":{"start":{"line":51,"column":8},"end":{"line":51,"column":63}},"32":{"start":{"line":55,"column":0},"end":{"line":63,"column":2}},"33":{"start":{"line":56,"column":4},"end":{"line":62,"column":5}},"34":{"start":{"line":57,"column":22},"end":{"line":57,"column":51}},"35":{"start":{"line":58,"column":8},"end":{"line":58,"column":28}},"36":{"start":{"line":60,"column":8},"end":{"line":60,"column":57}},"37":{"start":{"line":61,"column":8},"end":{"line":61,"column":67}},"38":{"start":{"line":65,"column":0},"end":{"line":75,"column":2}},"39":{"start":{"line":66,"column":4},"end":{"line":74,"column":5}},"40":{"start":{"line":67,"column":36},"end":{"line":67,"column":44}},"41":{"start":{"line":68,"column":23},"end":{"line":68,"column":36}},"42":{"start":{"line":69,"column":8},"end":{"line":69,"column":60}},"43":{"start":{"line":70,"column":8},"end":{"line":70,"column":64}},"44":{"start":{"line":72,"column":8},"end":{"line":72,"column":59}},"45":{"start":{"line":73,"column":8},"end":{"line":73,"column":69}},"46":{"start":{"line":77,"column":0},"end":{"line":107,"column":2}},"47":{"start":{"line":78,"column":4},"end":{"line":106,"column":5}},"48":{"start":{"line":79,"column":8},"end":{"line":100,"column":9}},"49":{"start":{"line":81,"column":25},"end":{"line":81,"column":60}},"50":{"start":{"line":82,"column":12},"end":{"line":84,"column":13}},"51":{"start":{"line":83,"column":16},"end":{"line":83,"column":59}},"52":{"start":{"line":87,"column":34},"end":{"line":87,"column":86}},"53":{"start":{"line":88,"column":12},"end":{"line":90,"column":13}},"54":{"start":{"line":89,"column":16},"end":{"line":89,"column":58}},"55":{"start":{"line":93,"column":35},"end":{"line":93,"column":69}},"56":{"start":{"line":96,"column":12},"end":{"line":96,"column":83}},"57":{"start":{"line":99,"column":12},"end":{"line":99,"column":67}},"58":{"start":{"line":102,"column":8},"end":{"line":102,"column":33}},"59":{"start":{"line":104,"column":8},"end":{"line":104,"column":58}},"60":{"start":{"line":105,"column":8},"end":{"line":105,"column":53}}},"fnMap":{"0":{"name":"(anonymous_0)","decl":{"start":{"line":6,"column":19},"end":{"line":6,"column":20}},"loc":{"start":{"line":6,"column":39},"end":{"line":30,"column":1}},"line":6},"1":{"name":"(anonymous_1)","decl":{"start":{"line":32,"column":16},"end":{"line":32,"column":17}},"loc":{"start":{"line":32,"column":36},"end":{"line":53,"column":1}},"line":32},"2":{"name":"(anonymous_2)","decl":{"start":{"line":55,"column":20},"end":{"line":55,"column":21}},"loc":{"start":{"line":55,"column":40},"end":{"line":63,"column":1}},"line":55},"3":{"name":"(anonymous_3)","decl":{"start":{"line":65,"column":21},"end":{"line":65,"column":22}},"loc":{"start":{"line":65,"column":41},"end":{"line":75,"column":1}},"line":65},"4":{"name":"(anonymous_4)","decl":{"start":{"line":77,"column":24},"end":{"line":77,"column":25}},"loc":{"start":{"line":77,"column":85},"end":{"line":107,"column":1}},"line":77}},"branchMap":{"0":{"loc":{"start":{"line":9,"column":8},"end":{"line":11,"column":9}},"type":"if","locations":[{"start":{"line":9,"column":8},"end":{"line":11,"column":9}},{"start":{},"end":{}}],"line":9},"1":{"loc":{"start":{"line":9,"column":12},"end":{"line":9,"column":40}},"type":"binary-expr","locations":[{"start":{"line":9,"column":12},"end":{"line":9,"column":17}},{"start":{"line":9,"column":21},"end":{"line":9,"column":27}},{"start":{"line":9,"column":31},"end":{"line":9,"column":40}}],"line":9},"2":{"loc":{"start":{"line":13,"column":8},"end":{"line":15,"column":9}},"type":"if","locations":[{"start":{"line":13,"column":8},"end":{"line":15,"column":9}},{"start":{},"end":{}}],"line":13},"3":{"loc":{"start":{"line":20,"column":8},"end":{"line":22,"column":9}},"type":"if","locations":[{"start":{"line":20,"column":8},"end":{"line":22,"column":9}},{"start":{},"end":{}}],"line":20},"4":{"loc":{"start":{"line":20,"column":12},"end":{"line":20,"column":57}},"type":"binary-expr","locations":[{"start":{"line":20,"column":12},"end":{"line":20,"column":20}},{"start":{"line":20,"column":24},"end":{"line":20,"column":49}},{"start":{"line":20,"column":53},"end":{"line":20,"column":57}}],"line":20},"5":{"loc":{"start":{"line":36,"column":8},"end":{"line":38,"column":9}},"type":"if","locations":[{"start":{"line":36,"column":8},"end":{"line":38,"column":9}},{"start":{},"end":{}}],"line":36},"6":{"loc":{"start":{"line":36,"column":12},"end":{"line":36,"column":69}},"type":"binary-expr","locations":[{"start":{"line":36,"column":12},"end":{"line":36,"column":17}},{"start":{"line":36,"column":21},"end":{"line":36,"column":69}}],"line":36},"7":{"loc":{"start":{"line":79,"column":8},"end":{"line":100,"column":9}},"type":"if","locations":[{"start":{"line":79,"column":8},"end":{"line":100,"column":9}},{"start":{"line":97,"column":15},"end":{"line":100,"column":9}}],"line":79},"8":{"loc":{"start":{"line":82,"column":12},"end":{"line":84,"column":13}},"type":"if","locations":[{"start":{"line":82,"column":12},"end":{"line":84,"column":13}},{"start":{},"end":{}}],"line":82},"9":{"loc":{"start":{"line":88,"column":12},"end":{"line":90,"column":13}},"type":"if","locations":[{"start":{"line":88,"column":12},"end":{"line":90,"column":13}},{"start":{},"end":{}}],"line":88}},"s":{"0":2,"1":2,"2":2,"3":2,"4":2,"5":5,"6":5,"7":5,"8":1,"9":4,"10":4,"11":2,"12":2,"13":2,"14":2,"15":0,"16":2,"17":2,"18":0,"19":0,"20":2,"21":3,"22":3,"23":3,"24":3,"25":1,"26":2,"27":2,"28":2,"29":2,"30":0,"31":0,"32":2,"33":0,"34":0,"35":0,"36":0,"37":0,"38":2,"39":0,"40":0,"41":0,"42":0,"43":0,"44":0,"45":0,"46":2,"47":0,"48":0,"49":0,"50":0,"51":0,"52":0,"53":0,"54":0,"55":0,"56":0,"57":0,"58":0,"59":0,"60":0},"f":{"0":5,"1":3,"2":0,"3":0,"4":0},"b":{"0":[1,4],"1":[5,4,4],"2":[2,2],"3":[0,2],"4":[2,1,0],"5":[1,2],"6":[3,2],"7":[0,0],"8":[0,0],"9":[0,0]},"_coverageSchema":"1a1c01bbd47fc00a2c39e90264f33305004495a9","hash":"0c66a9f78f9c1f4dae4bc77629a65ffa06de751a"}
,"C:\\Users\\Matheus Fabio Antelo\\Desktop\\Projeto TO DO\\controllers\\taskController.js": {"path":"C:\\Users\\Matheus Fabio Antelo\\Desktop\\Projeto TO DO\\controllers\\taskController.js","statementMap":{"0":{"start":{"line":1,"column":18},"end":{"line":1,"column":48}},"1":{"start":{"line":3,"column":0},"end":{"line":18,"column":2}},"2":{"start":{"line":4,"column":4},"end":{"line":17,"column":5}},"3":{"start":{"line":5,"column":8},"end":{"line":7,"column":9}},"4":{"start":{"line":6,"column":12},"end":{"line":6,"column":97}},"5":{"start":{"line":8,"column":71},"end":{"line":8,"column":79}},"6":{"start":{"line":9,"column":8},"end":{"line":11,"column":9}},"7":{"start":{"line":10,"column":12},"end":{"line":10,"column":105}},"8":{"start":{"line":12,"column":24},"end":{"line":12,"column":115}},"9":{"start":{"line":13,"column":8},"end":{"line":13,"column":38}},"10":{"start":{"line":15,"column":8},"end":{"line":15,"column":54}},"11":{"start":{"line":16,"column":8},"end":{"line":16,"column":72}},"12":{"start":{"line":20,"column":0},"end":{"line":28,"column":2}},"13":{"start":{"line":21,"column":4},"end":{"line":27,"column":5}},"14":{"start":{"line":22,"column":22},"end":{"line":22,"column":57}},"15":{"start":{"line":23,"column":8},"end":{"line":23,"column":24}},"16":{"start":{"line":25,"column":8},"end":{"line":25,"column":56}},"17":{"start":{"line":26,"column":8},"end":{"line":26,"column":74}},"18":{"start":{"line":30,"column":0},"end":{"line":38,"column":2}},"19":{"start":{"line":31,"column":4},"end":{"line":37,"column":5}},"20":{"start":{"line":32,"column":24},"end":{"line":32,"column":85}},"21":{"start":{"line":33,"column":8},"end":{"line":33,"column":103}},"22":{"start":{"line":33,"column":22},"end":{"line":33,"column":103}},"23":{"start":{"line":34,"column":8},"end":{"line":34,"column":26}},"24":{"start":{"line":36,"column":8},"end":{"line":36,"column":68}},"25":{"start":{"line":40,"column":0},"end":{"line":48,"column":2}},"26":{"start":{"line":41,"column":4},"end":{"line":47,"column":5}},"27":{"start":{"line":42,"column":24},"end":{"line":42,"column":75}},"28":{"start":{"line":43,"column":8},"end":{"line":43,"column":103}},"29":{"start":{"line":43,"column":22},"end":{"line":43,"column":103}},"30":{"start":{"line":44,"column":8},"end":{"line":44,"column":62}},"31":{"start":{"line":46,"column":8},"end":{"line":46,"column":66}},"32":{"start":{"line":50,"column":0},"end":{"line":58,"column":2}},"33":{"start":{"line":51,"column":4},"end":{"line":57,"column":5}},"34":{"start":{"line":52,"column":24},"end":{"line":52,"column":75}},"35":{"start":{"line":53,"column":8},"end":{"line":53,"column":103}},"36":{"start":{"line":53,"column":22},"end":{"line":53,"column":103}},"37":{"start":{"line":54,"column":8},"end":{"line":54,"column":26}},"38":{"start":{"line":56,"column":8},"end":{"line":56,"column":77}},"39":{"start":{"line":60,"column":0},"end":{"line":71,"column":2}},"40":{"start":{"line":61,"column":4},"end":{"line":70,"column":5}},"41":{"start":{"line":62,"column":8},"end":{"line":64,"column":9}},"42":{"start":{"line":63,"column":12},"end":{"line":63,"column":102}},"43":{"start":{"line":65,"column":25},"end":{"line":65,"column":67}},"44":{"start":{"line":66,"column":8},"end":{"line":66,"column":104}},"45":{"start":{"line":66,"column":23},"end":{"line":66,"column":104}},"46":{"start":{"line":67,"column":8},"end":{"line":67,"column":27}},"47":{"start":{"line":69,"column":8},"end":{"line":69,"column":66}},"48":{"start":{"line":73,"column":0},"end":{"line":80,"column":2}},"49":{"start":{"line":74,"column":4},"end":{"line":79,"column":5}},"50":{"start":{"line":75,"column":22},"end":{"line":75,"column":49}},"51":{"start":{"line":76,"column":8},"end":{"line":76,"column":24}},"52":{"start":{"line":78,"column":8},"end":{"line":78,"column":67}}},"fnMap":{"0":{"name":"(anonymous_0)","decl":{"start":{"line":3,"column":21},"end":{"line":3,"column":22}},"loc":{"start":{"line":3,"column":41},"end":{"line":18,"column":1}},"line":3},"1":{"name":"(anonymous_1)","decl":{"start":{"line":20,"column":20},"end":{"line":20,"column":21}},"loc":{"start":{"line":20,"column":40},"end":{"line":28,"column":1}},"line":20},"2":{"name":"(anonymous_2)","decl":{"start":{"line":30,"column":21},"end":{"line":30,"column":22}},"loc":{"start":{"line":30,"column":41},"end":{"line":38,"column":1}},"line":30},"3":{"name":"(anonymous_3)","decl":{"start":{"line":40,"column":21},"end":{"line":40,"column":22}},"loc":{"start":{"line":40,"column":41},"end":{"line":48,"column":1}},"line":40},"4":{"name":"(anonymous_4)","decl":{"start":{"line":50,"column":21},"end":{"line":50,"column":22}},"loc":{"start":{"line":50,"column":41},"end":{"line":58,"column":1}},"line":50},"5":{"name":"(anonymous_5)","decl":{"start":{"line":60,"column":22},"end":{"line":60,"column":23}},"loc":{"start":{"line":60,"column":42},"end":{"line":71,"column":1}},"line":60},"6":{"name":"(anonymous_6)","decl":{"start":{"line":73,"column":20},"end":{"line":73,"column":21}},"loc":{"start":{"line":73,"column":40},"end":{"line":80,"column":1}},"line":73}},"branchMap":{"0":{"loc":{"start":{"line":5,"column":8},"end":{"line":7,"column":9}},"type":"if","locations":[{"start":{"line":5,"column":8},"end":{"line":7,"column":9}},{"start":{},"end":{}}],"line":5},"1":{"loc":{"start":{"line":9,"column":8},"end":{"line":11,"column":9}},"type":"if","locations":[{"start":{"line":9,"column":8},"end":{"line":11,"column":9}},{"start":{},"end":{}}],"line":9},"2":{"loc":{"start":{"line":9,"column":12},"end":{"line":9,"column":59}},"type":"binary-expr","locations":[{"start":{"line":9,"column":12},"end":{"line":9,"column":17}},{"start":{"line":9,"column":21},"end":{"line":9,"column":32}},{"start":{"line":9,"column":36},"end":{"line":9,"column":47}},{"start":{"line":9,"column":51},"end":{"line":9,"column":59}}],"line":9},"3":{"loc":{"start":{"line":33,"column":8},"end":{"line":33,"column":103}},"type":"if","locations":[{"start":{"line":33,"column":8},"end":{"line":33,"column":103}},{"start":{},"end":{}}],"line":33},"4":{"loc":{"start":{"line":43,"column":8},"end":{"line":43,"column":103}},"type":"if","locations":[{"start":{"line":43,"column":8},"end":{"line":43,"column":103}},{"start":{},"end":{}}],"line":43},"5":{"loc":{"start":{"line":53,"column":8},"end":{"line":53,"column":103}},"type":"if","locations":[{"start":{"line":53,"column":8},"end":{"line":53,"column":103}},{"start":{},"end":{}}],"line":53},"6":{"loc":{"start":{"line":62,"column":8},"end":{"line":64,"column":9}},"type":"if","locations":[{"start":{"line":62,"column":8},"end":{"line":64,"column":9}},{"start":{},"end":{}}],"line":62},"7":{"loc":{"start":{"line":66,"column":8},"end":{"line":66,"column":104}},"type":"if","locations":[{"start":{"line":66,"column":8},"end":{"line":66,"column":104}},{"start":{},"end":{}}],"line":66}},"s":{"0":1,"1":1,"2":0,"3":0,"4":0,"5":0,"6":0,"7":0,"8":0,"9":0,"10":0,"11":0,"12":1,"13":2,"14":2,"15":1,"16":1,"17":1,"18":1,"19":0,"20":0,"21":0,"22":0,"23":0,"24":0,"25":1,"26":0,"27":0,"28":0,"29":0,"30":0,"31":0,"32":1,"33":0,"34":0,"35":0,"36":0,"37":0,"38":0,"39":1,"40":0,"41":0,"42":0,"43":0,"44":0,"45":0,"46":0,"47":0,"48":1,"49":0,"50":0,"51":0,"52":0},"f":{"0":0,"1":2,"2":0,"3":0,"4":0,"5":0,"6":0},"b":{"0":[0,0],"1":[0,0],"2":[0,0,0,0],"3":[0,0],"4":[0,0],"5":[0,0],"6":[0,0],"7":[0,0]},"_coverageSchema":"1a1c01bbd47fc00a2c39e90264f33305004495a9","hash":"012581eefdac4708d98fc986fc059df9d3c54e43"}
,"C:\\Users\\Matheus Fabio Antelo\\Desktop\\Projeto TO DO\\models\\taskModel.js": {"path":"C:\\Users\\Matheus Fabio Antelo\\Desktop\\Projeto TO DO\\models\\taskModel.js","statementMap":{"0":{"start":{"line":1,"column":16},"end":{"line":1,"column":44}},"1":{"start":{"line":2,"column":11},"end":{"line":2,"column":43}},"2":{"start":{"line":4,"column":0},"end":{"line":18,"column":2}},"3":{"start":{"line":5,"column":4},"end":{"line":17,"column":7}},"4":{"start":{"line":6,"column":8},"end":{"line":16,"column":10}},"5":{"start":{"line":10,"column":16},"end":{"line":10,"column":44}},"6":{"start":{"line":10,"column":25},"end":{"line":10,"column":44}},"7":{"start":{"line":11,"column":16},"end":{"line":14,"column":19}},"8":{"start":{"line":12,"column":20},"end":{"line":12,"column":48}},"9":{"start":{"line":12,"column":29},"end":{"line":12,"column":48}},"10":{"start":{"line":13,"column":20},"end":{"line":13,"column":33}},"11":{"start":{"line":20,"column":0},"end":{"line":35,"column":2}},"12":{"start":{"line":21,"column":4},"end":{"line":34,"column":7}},"13":{"start":{"line":23,"column":8},"end":{"line":29,"column":9}},"14":{"start":{"line":24,"column":12},"end":{"line":24,"column":158}},"15":{"start":{"line":25,"column":12},"end":{"line":25,"column":24}},"16":{"start":{"line":27,"column":12},"end":{"line":27,"column":179}},"17":{"start":{"line":28,"column":12},"end":{"line":28,"column":33}},"18":{"start":{"line":30,"column":8},"end":{"line":33,"column":11}},"19":{"start":{"line":31,"column":12},"end":{"line":31,"column":40}},"20":{"start":{"line":31,"column":21},"end":{"line":31,"column":40}},"21":{"start":{"line":32,"column":12},"end":{"line":32,"column":26}},"22":{"start":{"line":37,"column":0},"end":{"line":55,"column":2}},"23":{"start":{"line":38,"column":4},"end":{"line":54,"column":7}},"24":{"start":{"line":39,"column":8},"end":{"line":53,"column":11}},"25":{"start":{"line":40,"column":12},"end":{"line":40,"column":51}},"26":{"start":{"line":40,"column":30},"end":{"line":40,"column":51}},"27":{"start":{"line":41,"column":12},"end":{"line":41,"column":91}},"28":{"start":{"line":41,"column":70},"end":{"line":41,"column":91}},"29":{"start":{"line":42,"column":12},"end":{"line":52,"column":14}},"30":{"start":{"line":46,"column":20},"end":{"line":46,"column":48}},"31":{"start":{"line":46,"column":29},"end":{"line":46,"column":48}},"32":{"start":{"line":47,"column":20},"end":{"line":50,"column":23}},"33":{"start":{"line":48,"column":24},"end":{"line":48,"column":52}},"34":{"start":{"line":48,"column":33},"end":{"line":48,"column":52}},"35":{"start":{"line":49,"column":24},"end":{"line":49,"column":37}},"36":{"start":{"line":57,"column":0},"end":{"line":68,"column":2}},"37":{"start":{"line":58,"column":4},"end":{"line":67,"column":7}},"38":{"start":{"line":59,"column":8},"end":{"line":66,"column":11}},"39":{"start":{"line":60,"column":12},"end":{"line":60,"column":51}},"40":{"start":{"line":60,"column":30},"end":{"line":60,"column":51}},"41":{"start":{"line":61,"column":12},"end":{"line":61,"column":91}},"42":{"start":{"line":61,"column":70},"end":{"line":61,"column":91}},"43":{"start":{"line":62,"column":12},"end":{"line":65,"column":15}},"44":{"start":{"line":63,"column":16},"end":{"line":63,"column":44}},"45":{"start":{"line":63,"column":25},"end":{"line":63,"column":44}},"46":{"start":{"line":64,"column":16},"end":{"line":64,"column":42}},"47":{"start":{"line":70,"column":0},"end":{"line":84,"column":2}},"48":{"start":{"line":71,"column":4},"end":{"line":83,"column":7}},"49":{"start":{"line":72,"column":8},"end":{"line":82,"column":11}},"50":{"start":{"line":73,"column":12},"end":{"line":73,"column":51}},"51":{"start":{"line":73,"column":30},"end":{"line":73,"column":51}},"52":{"start":{"line":74,"column":12},"end":{"line":74,"column":124}},"53":{"start":{"line":74,"column":103},"end":{"line":74,"column":124}},"54":{"start":{"line":75,"column":12},"end":{"line":81,"column":15}},"55":{"start":{"line":76,"column":16},"end":{"line":76,"column":44}},"56":{"start":{"line":76,"column":25},"end":{"line":76,"column":44}},"57":{"start":{"line":77,"column":16},"end":{"line":80,"column":19}},"58":{"start":{"line":78,"column":20},"end":{"line":78,"column":48}},"59":{"start":{"line":78,"column":29},"end":{"line":78,"column":48}},"60":{"start":{"line":79,"column":20},"end":{"line":79,"column":33}},"61":{"start":{"line":86,"column":0},"end":{"line":99,"column":2}},"62":{"start":{"line":87,"column":4},"end":{"line":98,"column":7}},"63":{"start":{"line":88,"column":8},"end":{"line":97,"column":11}},"64":{"start":{"line":89,"column":12},"end":{"line":89,"column":70}},"65":{"start":{"line":89,"column":49},"end":{"line":89,"column":70}},"66":{"start":{"line":90,"column":12},"end":{"line":96,"column":15}},"67":{"start":{"line":91,"column":16},"end":{"line":91,"column":44}},"68":{"start":{"line":91,"column":25},"end":{"line":91,"column":44}},"69":{"start":{"line":92,"column":16},"end":{"line":95,"column":19}},"70":{"start":{"line":93,"column":20},"end":{"line":93,"column":48}},"71":{"start":{"line":93,"column":29},"end":{"line":93,"column":48}},"72":{"start":{"line":94,"column":20},"end":{"line":94,"column":33}},"73":{"start":{"line":101,"column":0},"end":{"line":108,"column":2}},"74":{"start":{"line":102,"column":4},"end":{"line":107,"column":7}},"75":{"start":{"line":103,"column":8},"end":{"line":106,"column":11}},"76":{"start":{"line":104,"column":12},"end":{"line":104,"column":40}},"77":{"start":{"line":104,"column":21},"end":{"line":104,"column":40}},"78":{"start":{"line":105,"column":12},"end":{"line":105,"column":26}}},"fnMap":{"0":{"name":"(anonymous_0)","decl":{"start":{"line":4,"column":21},"end":{"line":4,"column":22}},"loc":{"start":{"line":4,"column":88},"end":{"line":18,"column":1}},"line":4},"1":{"name":"(anonymous_1)","decl":{"start":{"line":5,"column":23},"end":{"line":5,"column":24}},"loc":{"start":{"line":5,"column":44},"end":{"line":17,"column":5}},"line":5},"2":{"name":"(anonymous_2)","decl":{"start":{"line":9,"column":12},"end":{"line":9,"column":13}},"loc":{"start":{"line":9,"column":27},"end":{"line":15,"column":13}},"line":9},"3":{"name":"(anonymous_3)","decl":{"start":{"line":11,"column":74},"end":{"line":11,"column":75}},"loc":{"start":{"line":11,"column":88},"end":{"line":14,"column":17}},"line":11},"4":{"name":"(anonymous_4)","decl":{"start":{"line":20,"column":20},"end":{"line":20,"column":21}},"loc":{"start":{"line":20,"column":30},"end":{"line":35,"column":1}},"line":20},"5":{"name":"(anonymous_5)","decl":{"start":{"line":21,"column":23},"end":{"line":21,"column":24}},"loc":{"start":{"line":21,"column":44},"end":{"line":34,"column":5}},"line":21},"6":{"name":"(anonymous_6)","decl":{"start":{"line":30,"column":30},"end":{"line":30,"column":31}},"loc":{"start":{"line":30,"column":45},"end":{"line":33,"column":9}},"line":30},"7":{"name":"(anonymous_7)","decl":{"start":{"line":37,"column":21},"end":{"line":37,"column":22}},"loc":{"start":{"line":37,"column":41},"end":{"line":55,"column":1}},"line":37},"8":{"name":"(anonymous_8)","decl":{"start":{"line":38,"column":23},"end":{"line":38,"column":24}},"loc":{"start":{"line":38,"column":44},"end":{"line":54,"column":5}},"line":38},"9":{"name":"(anonymous_9)","decl":{"start":{"line":39,"column":66},"end":{"line":39,"column":67}},"loc":{"start":{"line":39,"column":81},"end":{"line":53,"column":9}},"line":39},"10":{"name":"(anonymous_10)","decl":{"start":{"line":45,"column":16},"end":{"line":45,"column":17}},"loc":{"start":{"line":45,"column":31},"end":{"line":51,"column":17}},"line":45},"11":{"name":"(anonymous_11)","decl":{"start":{"line":47,"column":69},"end":{"line":47,"column":70}},"loc":{"start":{"line":47,"column":83},"end":{"line":50,"column":21}},"line":47},"12":{"name":"(anonymous_12)","decl":{"start":{"line":57,"column":21},"end":{"line":57,"column":22}},"loc":{"start":{"line":57,"column":35},"end":{"line":68,"column":1}},"line":57},"13":{"name":"(anonymous_13)","decl":{"start":{"line":58,"column":23},"end":{"line":58,"column":24}},"loc":{"start":{"line":58,"column":44},"end":{"line":67,"column":5}},"line":58},"14":{"name":"(anonymous_14)","decl":{"start":{"line":59,"column":66},"end":{"line":59,"column":67}},"loc":{"start":{"line":59,"column":81},"end":{"line":66,"column":9}},"line":59},"15":{"name":"(anonymous_15)","decl":{"start":{"line":62,"column":70},"end":{"line":62,"column":71}},"loc":{"start":{"line":62,"column":85},"end":{"line":65,"column":13}},"line":62},"16":{"name":"(anonymous_16)","decl":{"start":{"line":70,"column":21},"end":{"line":70,"column":22}},"loc":{"start":{"line":70,"column":35},"end":{"line":84,"column":1}},"line":70},"17":{"name":"(anonymous_17)","decl":{"start":{"line":71,"column":23},"end":{"line":71,"column":24}},"loc":{"start":{"line":71,"column":44},"end":{"line":83,"column":5}},"line":71},"18":{"name":"(anonymous_18)","decl":{"start":{"line":72,"column":78},"end":{"line":72,"column":79}},"loc":{"start":{"line":72,"column":93},"end":{"line":82,"column":9}},"line":72},"19":{"name":"(anonymous_19)","decl":{"start":{"line":75,"column":114},"end":{"line":75,"column":115}},"loc":{"start":{"line":75,"column":129},"end":{"line":81,"column":13}},"line":75},"20":{"name":"(anonymous_20)","decl":{"start":{"line":77,"column":65},"end":{"line":77,"column":66}},"loc":{"start":{"line":77,"column":79},"end":{"line":80,"column":17}},"line":77},"21":{"name":"(anonymous_21)","decl":{"start":{"line":86,"column":22},"end":{"line":86,"column":23}},"loc":{"start":{"line":86,"column":30},"end":{"line":99,"column":1}},"line":86},"22":{"name":"(anonymous_22)","decl":{"start":{"line":87,"column":23},"end":{"line":87,"column":24}},"loc":{"start":{"line":87,"column":44},"end":{"line":98,"column":5}},"line":87},"23":{"name":"(anonymous_23)","decl":{"start":{"line":88,"column":57},"end":{"line":88,"column":58}},"loc":{"start":{"line":88,"column":72},"end":{"line":97,"column":9}},"line":88},"24":{"name":"(anonymous_24)","decl":{"start":{"line":90,"column":71},"end":{"line":90,"column":72}},"loc":{"start":{"line":90,"column":86},"end":{"line":96,"column":13}},"line":90},"25":{"name":"(anonymous_25)","decl":{"start":{"line":92,"column":65},"end":{"line":92,"column":66}},"loc":{"start":{"line":92,"column":79},"end":{"line":95,"column":17}},"line":92},"26":{"name":"(anonymous_26)","decl":{"start":{"line":101,"column":20},"end":{"line":101,"column":21}},"loc":{"start":{"line":101,"column":26},"end":{"line":108,"column":1}},"line":101},"27":{"name":"(anonymous_27)","decl":{"start":{"line":102,"column":23},"end":{"line":102,"column":24}},"loc":{"start":{"line":102,"column":44},"end":{"line":107,"column":5}},"line":102},"28":{"name":"(anonymous_28)","decl":{"start":{"line":103,"column":96},"end":{"line":103,"column":97}},"loc":{"start":{"line":103,"column":111},"end":{"line":106,"column":9}},"line":103}},"branchMap":{"0":{"loc":{"start":{"line":10,"column":16},"end":{"line":10,"column":44}},"type":"if","locations":[{"start":{"line":10,"column":16},"end":{"line":10,"column":44}},{"start":{},"end":{}}],"line":10},"1":{"loc":{"start":{"line":12,"column":20},"end":{"line":12,"column":48}},"type":"if","locations":[{"start":{"line":12,"column":20},"end":{"line":12,"column":48}},{"start":{},"end":{}}],"line":12},"2":{"loc":{"start":{"line":23,"column":8},"end":{"line":29,"column":9}},"type":"if","locations":[{"start":{"line":23,"column":8},"end":{"line":29,"column":9}},{"start":{"line":26,"column":15},"end":{"line":29,"column":9}}],"line":23},"3":{"loc":{"start":{"line":31,"column":12},"end":{"line":31,"column":40}},"type":"if","locations":[{"start":{"line":31,"column":12},"end":{"line":31,"column":40}},{"start":{},"end":{}}],"line":31},"4":{"loc":{"start":{"line":40,"column":12},"end":{"line":40,"column":51}},"type":"if","locations":[{"start":{"line":40,"column":12},"end":{"line":40,"column":51}},{"start":{},"end":{}}],"line":40},"5":{"loc":{"start":{"line":40,"column":16},"end":{"line":40,"column":28}},"type":"binary-expr","locations":[{"start":{"line":40,"column":16},"end":{"line":40,"column":19}},{"start":{"line":40,"column":23},"end":{"line":40,"column":28}}],"line":40},"6":{"loc":{"start":{"line":41,"column":12},"end":{"line":41,"column":91}},"type":"if","locations":[{"start":{"line":41,"column":12},"end":{"line":41,"column":91}},{"start":{},"end":{}}],"line":41},"7":{"loc":{"start":{"line":41,"column":16},"end":{"line":41,"column":68}},"type":"binary-expr","locations":[{"start":{"line":41,"column":16},"end":{"line":41,"column":43}},{"start":{"line":41,"column":47},"end":{"line":41,"column":68}}],"line":41},"8":{"loc":{"start":{"line":46,"column":20},"end":{"line":46,"column":48}},"type":"if","locations":[{"start":{"line":46,"column":20},"end":{"line":46,"column":48}},{"start":{},"end":{}}],"line":46},"9":{"loc":{"start":{"line":48,"column":24},"end":{"line":48,"column":52}},"type":"if","locations":[{"start":{"line":48,"column":24},"end":{"line":48,"column":52}},{"start":{},"end":{}}],"line":48},"10":{"loc":{"start":{"line":60,"column":12},"end":{"line":60,"column":51}},"type":"if","locations":[{"start":{"line":60,"column":12},"end":{"line":60,"column":51}},{"start":{},"end":{}}],"line":60},"11":{"loc":{"start":{"line":60,"column":16},"end":{"line":60,"column":28}},"type":"binary-expr","locations":[{"start":{"line":60,"column":16},"end":{"line":60,"column":19}},{"start":{"line":60,"column":23},"end":{"line":60,"column":28}}],"line":60},"12":{"loc":{"start":{"line":61,"column":12},"end":{"line":61,"column":91}},"type":"if","locations":[{"start":{"line":61,"column":12},"end":{"line":61,"column":91}},{"start":{},"end":{}}],"line":61},"13":{"loc":{"start":{"line":61,"column":16},"end":{"line":61,"column":68}},"type":"binary-expr","locations":[{"start":{"line":61,"column":16},"end":{"line":61,"column":43}},{"start":{"line":61,"column":47},"end":{"line":61,"column":68}}],"line":61},"14":{"loc":{"start":{"line":63,"column":16},"end":{"line":63,"column":44}},"type":"if","locations":[{"start":{"line":63,"column":16},"end":{"line":63,"column":44}},{"start":{},"end":{}}],"line":63},"15":{"loc":{"start":{"line":73,"column":12},"end":{"line":73,"column":51}},"type":"if","locations":[{"start":{"line":73,"column":12},"end":{"line":73,"column":51}},{"start":{},"end":{}}],"line":73},"16":{"loc":{"start":{"line":73,"column":16},"end":{"line":73,"column":28}},"type":"binary-expr","locations":[{"start":{"line":73,"column":16},"end":{"line":73,"column":19}},{"start":{"line":73,"column":23},"end":{"line":73,"column":28}}],"line":73},"17":{"loc":{"start":{"line":74,"column":12},"end":{"line":74,"column":124}},"type":"if","locations":[{"start":{"line":74,"column":12},"end":{"line":74,"column":124}},{"start":{},"end":{}}],"line":74},"18":{"loc":{"start":{"line":74,"column":16},"end":{"line":74,"column":101}},"type":"binary-expr","locations":[{"start":{"line":74,"column":16},"end":{"line":74,"column":37}},{"start":{"line":74,"column":41},"end":{"line":74,"column":68}},{"start":{"line":74,"column":72},"end":{"line":74,"column":101}}],"line":74},"19":{"loc":{"start":{"line":76,"column":16},"end":{"line":76,"column":44}},"type":"if","locations":[{"start":{"line":76,"column":16},"end":{"line":76,"column":44}},{"start":{},"end":{}}],"line":76},"20":{"loc":{"start":{"line":78,"column":20},"end":{"line":78,"column":48}},"type":"if","locations":[{"start":{"line":78,"column":20},"end":{"line":78,"column":48}},{"start":{},"end":{}}],"line":78},"21":{"loc":{"start":{"line":89,"column":12},"end":{"line":89,"column":70}},"type":"if","locations":[{"start":{"line":89,"column":12},"end":{"line":89,"column":70}},{"start":{},"end":{}}],"line":89},"22":{"loc":{"start":{"line":89,"column":16},"end":{"line":89,"column":47}},"type":"binary-expr","locations":[{"start":{"line":89,"column":16},"end":{"line":89,"column":19}},{"start":{"line":89,"column":23},"end":{"line":89,"column":28}},{"start":{"line":89,"column":32},"end":{"line":89,"column":47}}],"line":89},"23":{"loc":{"start":{"line":91,"column":16},"end":{"line":91,"column":44}},"type":"if","locations":[{"start":{"line":91,"column":16},"end":{"line":91,"column":44}},{"start":{},"end":{}}],"line":91},"24":{"loc":{"start":{"line":93,"column":20},"end":{"line":93,"column":48}},"type":"if","locations":[{"start":{"line":93,"column":20},"end":{"line":93,"column":48}},{"start":{},"end":{}}],"line":93},"25":{"loc":{"start":{"line":104,"column":12},"end":{"line":104,"column":40}},"type":"if","locations":[{"start":{"line":104,"column":12},"end":{"line":104,"column":40}},{"start":{},"end":{}}],"line":104}},"s":{"0":1,"1":1,"2":1,"3":0,"4":0,"5":0,"6":0,"7":0,"8":0,"9":0,"10":0,"11":1,"12":0,"13":0,"14":0,"15":0,"16":0,"17":0,"18":0,"19":0,"20":0,"21":0,"22":1,"23":0,"24":0,"25":0,"26":0,"27":0,"28":0,"29":0,"30":0,"31":0,"32":0,"33":0,"34":0,"35":0,"36":1,"37":0,"38":0,"39":0,"40":0,"41":0,"42":0,"43":0,"44":0,"45":0,"46":0,"47":1,"48":0,"49":0,"50":0,"51":0,"52":0,"53":0,"54":0,"55":0,"56":0,"57":0,"58":0,"59":0,"60":0,"61":1,"62":0,"63":0,"64":0,"65":0,"66":0,"67":0,"68":0,"69":0,"70":0,"71":0,"72":0,"73":1,"74":0,"75":0,"76":0,"77":0,"78":0},"f":{"0":0,"1":0,"2":0,"3":0,"4":0,"5":0,"6":0,"7":0,"8":0,"9":0,"10":0,"11":0,"12":0,"13":0,"14":0,"15":0,"16":0,"17":0,"18":0,"19":0,"20":0,"21":0,"22":0,"23":0,"24":0,"25":0,"26":0,"27":0,"28":0},"b":{"0":[0,0],"1":[0,0],"2":[0,0],"3":[0,0],"4":[0,0],"5":[0,0],"6":[0,0],"7":[0,0],"8":[0,0],"9":[0,0],"10":[0,0],"11":[0,0],"12":[0,0],"13":[0,0],"14":[0,0],"15":[0,0],"16":[0,0],"17":[0,0],"18":[0,0,0],"19":[0,0],"20":[0,0],"21":[0,0],"22":[0,0,0],"23":[0,0],"24":[0,0],"25":[0,0]},"_coverageSchema":"1a1c01bbd47fc00a2c39e90264f33305004495a9","hash":"7184d3812652d805c3e14ce46496673f1dba4b94"}
,"C:\\Users\\Matheus Fabio Antelo\\Desktop\\Projeto TO DO\\models\\userModel.js": {"path":"C:\\Users\\Matheus Fabio Antelo\\Desktop\\Projeto TO DO\\models\\userModel.js","statementMap":{"0":{"start":{"line":1,"column":16},"end":{"line":1,"column":44}},"1":{"start":{"line":2,"column":11},"end":{"line":2,"column":43}},"2":{"start":{"line":4,"column":0},"end":{"line":11,"column":2}},"3":{"start":{"line":5,"column":4},"end":{"line":10,"column":7}},"4":{"start":{"line":6,"column":8},"end":{"line":9,"column":11}},"5":{"start":{"line":7,"column":12},"end":{"line":7,"column":40}},"6":{"start":{"line":7,"column":21},"end":{"line":7,"column":40}},"7":{"start":{"line":8,"column":12},"end":{"line":8,"column":25}},"8":{"start":{"line":13,"column":0},"end":{"line":20,"column":2}},"9":{"start":{"line":14,"column":4},"end":{"line":19,"column":7}},"10":{"start":{"line":15,"column":8},"end":{"line":18,"column":11}},"11":{"start":{"line":16,"column":12},"end":{"line":16,"column":40}},"12":{"start":{"line":16,"column":21},"end":{"line":16,"column":40}},"13":{"start":{"line":17,"column":12},"end":{"line":17,"column":33}},"14":{"start":{"line":22,"column":0},"end":{"line":29,"column":2}},"15":{"start":{"line":23,"column":4},"end":{"line":28,"column":7}},"16":{"start":{"line":24,"column":8},"end":{"line":27,"column":11}},"17":{"start":{"line":25,"column":12},"end":{"line":25,"column":40}},"18":{"start":{"line":25,"column":21},"end":{"line":25,"column":40}},"19":{"start":{"line":26,"column":12},"end":{"line":26,"column":26}},"20":{"start":{"line":31,"column":0},"end":{"line":38,"column":2}},"21":{"start":{"line":32,"column":4},"end":{"line":37,"column":7}},"22":{"start":{"line":33,"column":8},"end":{"line":36,"column":11}},"23":{"start":{"line":34,"column":12},"end":{"line":34,"column":40}},"24":{"start":{"line":34,"column":21},"end":{"line":34,"column":40}},"25":{"start":{"line":35,"column":12},"end":{"line":35,"column":34}},"26":{"start":{"line":40,"column":0},"end":{"line":47,"column":2}},"27":{"start":{"line":41,"column":4},"end":{"line":46,"column":7}},"28":{"start":{"line":42,"column":8},"end":{"line":45,"column":11}},"29":{"start":{"line":43,"column":12},"end":{"line":43,"column":40}},"30":{"start":{"line":43,"column":21},"end":{"line":43,"column":40}},"31":{"start":{"line":44,"column":12},"end":{"line":44,"column":25}},"32":{"start":{"line":49,"column":0},"end":{"line":66,"column":2}},"33":{"start":{"line":50,"column":4},"end":{"line":65,"column":7}},"34":{"start":{"line":53,"column":8},"end":{"line":59,"column":9}},"35":{"start":{"line":54,"column":12},"end":{"line":54,"column":86}},"36":{"start":{"line":55,"column":12},"end":{"line":55,"column":49}},"37":{"start":{"line":57,"column":12},"end":{"line":57,"column":72}},"38":{"start":{"line":58,"column":12},"end":{"line":58,"column":39}},"39":{"start":{"line":61,"column":8},"end":{"line":64,"column":11}},"40":{"start":{"line":62,"column":12},"end":{"line":62,"column":40}},"41":{"start":{"line":62,"column":21},"end":{"line":62,"column":40}},"42":{"start":{"line":63,"column":12},"end":{"line":63,"column":34}}},"fnMap":{"0":{"name":"(anonymous_0)","decl":{"start":{"line":4,"column":25},"end":{"line":4,"column":26}},"loc":{"start":{"line":4,"column":36},"end":{"line":11,"column":1}},"line":4},"1":{"name":"(anonymous_1)","decl":{"start":{"line":5,"column":23},"end":{"line":5,"column":24}},"loc":{"start":{"line":5,"column":44},"end":{"line":10,"column":5}},"line":5},"2":{"name":"(anonymous_2)","decl":{"start":{"line":6,"column":63},"end":{"line":6,"column":64}},"loc":{"start":{"line":6,"column":77},"end":{"line":9,"column":9}},"line":6},"3":{"name":"(anonymous_3)","decl":{"start":{"line":13,"column":21},"end":{"line":13,"column":22}},"loc":{"start":{"line":13,"column":63},"end":{"line":20,"column":1}},"line":13},"4":{"name":"(anonymous_4)","decl":{"start":{"line":14,"column":23},"end":{"line":14,"column":24}},"loc":{"start":{"line":14,"column":44},"end":{"line":19,"column":5}},"line":14},"5":{"name":"(anonymous_5)","decl":{"start":{"line":15,"column":131},"end":{"line":15,"column":132}},"loc":{"start":{"line":15,"column":145},"end":{"line":18,"column":9}},"line":15},"6":{"name":"(anonymous_6)","decl":{"start":{"line":22,"column":22},"end":{"line":22,"column":23}},"loc":{"start":{"line":22,"column":28},"end":{"line":29,"column":1}},"line":22},"7":{"name":"(anonymous_7)","decl":{"start":{"line":23,"column":23},"end":{"line":23,"column":24}},"loc":{"start":{"line":23,"column":44},"end":{"line":28,"column":5}},"line":23},"8":{"name":"(anonymous_8)","decl":{"start":{"line":24,"column":85},"end":{"line":24,"column":86}},"loc":{"start":{"line":24,"column":100},"end":{"line":27,"column":9}},"line":24},"9":{"name":"(anonymous_9)","decl":{"start":{"line":31,"column":21},"end":{"line":31,"column":22}},"loc":{"start":{"line":31,"column":46},"end":{"line":38,"column":1}},"line":31},"10":{"name":"(anonymous_10)","decl":{"start":{"line":32,"column":23},"end":{"line":32,"column":24}},"loc":{"start":{"line":32,"column":44},"end":{"line":37,"column":5}},"line":32},"11":{"name":"(anonymous_11)","decl":{"start":{"line":33,"column":95},"end":{"line":33,"column":96}},"loc":{"start":{"line":33,"column":109},"end":{"line":36,"column":9}},"line":33},"12":{"name":"(anonymous_12)","decl":{"start":{"line":40,"column":22},"end":{"line":40,"column":23}},"loc":{"start":{"line":40,"column":30},"end":{"line":47,"column":1}},"line":40},"13":{"name":"(anonymous_13)","decl":{"start":{"line":41,"column":23},"end":{"line":41,"column":24}},"loc":{"start":{"line":41,"column":44},"end":{"line":46,"column":5}},"line":41},"14":{"name":"(anonymous_14)","decl":{"start":{"line":42,"column":57},"end":{"line":42,"column":58}},"loc":{"start":{"line":42,"column":71},"end":{"line":45,"column":9}},"line":42},"15":{"name":"(anonymous_15)","decl":{"start":{"line":49,"column":28},"end":{"line":49,"column":29}},"loc":{"start":{"line":49,"column":66},"end":{"line":66,"column":1}},"line":49},"16":{"name":"(anonymous_16)","decl":{"start":{"line":50,"column":23},"end":{"line":50,"column":24}},"loc":{"start":{"line":50,"column":44},"end":{"line":65,"column":5}},"line":50},"17":{"name":"(anonymous_17)","decl":{"start":{"line":61,"column":30},"end":{"line":61,"column":31}},"loc":{"start":{"line":61,"column":44},"end":{"line":64,"column":9}},"line":61}},"branchMap":{"0":{"loc":{"start":{"line":7,"column":12},"end":{"line":7,"column":40}},"type":"if","locations":[{"start":{"line":7,"column":12},"end":{"line":7,"column":40}},{"start":{},"end":{}}],"line":7},"1":{"loc":{"start":{"line":13,"column":45},"end":{"line":13,"column":58}},"type":"default-arg","locations":[{"start":{"line":13,"column":52},"end":{"line":13,"column":58}}],"line":13},"2":{"loc":{"start":{"line":16,"column":12},"end":{"line":16,"column":40}},"type":"if","locations":[{"start":{"line":16,"column":12},"end":{"line":16,"column":40}},{"start":{},"end":{}}],"line":16},"3":{"loc":{"start":{"line":25,"column":12},"end":{"line":25,"column":40}},"type":"if","locations":[{"start":{"line":25,"column":12},"end":{"line":25,"column":40}},{"start":{},"end":{}}],"line":25},"4":{"loc":{"start":{"line":34,"column":12},"end":{"line":34,"column":40}},"type":"if","locations":[{"start":{"line":34,"column":12},"end":{"line":34,"column":40}},{"start":{},"end":{}}],"line":34},"5":{"loc":{"start":{"line":43,"column":12},"end":{"line":43,"column":40}},"type":"if","locations":[{"start":{"line":43,"column":12},"end":{"line":43,"column":40}},{"start":{},"end":{}}],"line":43},"6":{"loc":{"start":{"line":49,"column":46},"end":{"line":49,"column":61}},"type":"default-arg","locations":[{"start":{"line":49,"column":57},"end":{"line":49,"column":61}}],"line":49},"7":{"loc":{"start":{"line":53,"column":8},"end":{"line":59,"column":9}},"type":"if","locations":[{"start":{"line":53,"column":8},"end":{"line":59,"column":9}},{"start":{"line":56,"column":15},"end":{"line":59,"column":9}}],"line":53},"8":{"loc":{"start":{"line":62,"column":12},"end":{"line":62,"column":40}},"type":"if","locations":[{"start":{"line":62,"column":12},"end":{"line":62,"column":40}},{"start":{},"end":{}}],"line":62}},"s":{"0":2,"1":2,"2":2,"3":0,"4":0,"5":0,"6":0,"7":0,"8":2,"9":0,"10":0,"11":0,"12":0,"13":0,"14":2,"15":0,"16":0,"17":0,"18":0,"19":0,"20":2,"21":0,"22":0,"23":0,"24":0,"25":0,"26":2,"27":0,"28":0,"29":0,"30":0,"31":0,"32":2,"33":0,"34":0,"35":0,"36":0,"37":0,"38":0,"39":0,"40":0,"41":0,"42":0},"f":{"0":0,"1":0,"2":0,"3":0,"4":0,"5":0,"6":0,"7":0,"8":0,"9":0,"10":0,"11":0,"12":0,"13":0,"14":0,"15":0,"16":0,"17":0},"b":{"0":[0,0],"1":[0],"2":[0,0],"3":[0,0],"4":[0,0],"5":[0,0],"6":[0],"7":[0,0],"8":[0,0]},"_coverageSchema":"1a1c01bbd47fc00a2c39e90264f33305004495a9","hash":"fdb8738d87fb66a325504da2c06506f8c325bcf0"}
}
